third_party/mnn_android/apps/frameworks/model_downloader/android/build/intermediates/manifest_merge_blame_file/debug/processDebugManifest/manifest-merger-blame-debug-report.txt
1<?xml version="1.0" encoding="utf-8"?>
2<manifest xmlns:android="http://schemas.android.com/apk/res/android"
3    package="com.alibaba.mls.api.download" >
4
5    <uses-sdk android:minSdkVersion="21" />
6
7    <uses-permission android:name="android.permission.INTERNET" />
7-->src/main/AndroidManifest.xml:3:5-67
7-->src/main/AndroidManifest.xml:3:22-64
8    <uses-permission android:name="android.permission.ACCESS_NETWORK_STATE" />
8-->src/main/AndroidManifest.xml:4:5-79
8-->src/main/AndroidManifest.xml:4:22-76
9    <uses-permission
9-->src/main/AndroidManifest.xml:5:5-107
10        android:name="android.permission.WRITE_EXTERNAL_STORAGE"
10-->src/main/AndroidManifest.xml:5:22-78
11        android:maxSdkVersion="28" />
11-->src/main/AndroidManifest.xml:5:79-105
12    <uses-permission
12-->src/main/AndroidManifest.xml:6:5-107
13        android:name="android.permission.READ_EXTERNAL_STORAGE"
13-->src/main/AndroidManifest.xml:6:22-77
14        android:maxSdkVersion="32" />
14-->src/main/AndroidManifest.xml:6:78-104
15    <uses-permission android:name="android.permission.FOREGROUND_SERVICE" />
15-->src/main/AndroidManifest.xml:7:5-77
15-->src/main/AndroidManifest.xml:7:22-74
16    <uses-permission android:name="android.permission.POST_NOTIFICATIONS" />
16-->src/main/AndroidManifest.xml:8:5-77
16-->src/main/AndroidManifest.xml:8:22-74
17
18    <application>
18-->src/main/AndroidManifest.xml:10:5-14:19
19        <service
19-->src/main/AndroidManifest.xml:11:9-13:60
20            android:name="com.alibaba.mls.api.download.DownloadForegroundService"
20-->src/main/AndroidManifest.xml:11:18-59
21            android:exported="false"
21-->src/main/AndroidManifest.xml:12:18-42
22            android:foregroundServiceType="dataSync" />
22-->src/main/AndroidManifest.xml:13:18-58
23    </application>
24
25</manifest>